#-----------------------------------------------------------
# Vivado v2018.2 (64-bit)
# SW Build 2258646 on Thu Jun 14 20:03:12 MDT 2018
# IP Build 2256618 on Thu Jun 14 22:10:49 MDT 2018
# Start of session at: Tue Feb  7 22:49:38 2023
# Process ID: 7336
# Current directory: C:/Users/Фёдор.23476-PC/Documents/lab2
# Command line: vivado.exe -gui_launcher_event rodinguilauncherevent1364 C:\Users\Фёдор.23476-PC\Documents\lab2\lab2.xpr
# Log file: C:/Users/Фёдор.23476-PC/Documents/lab2/vivado.log
# Journal file: C:/Users/Фёдор.23476-PC/Documents/lab2\vivado.jou
#-----------------------------------------------------------
start_gui
open_project C:/Users/Фёдор.23476-PC/Documents/lab2/lab2.xpr
INFO: [Project 1-313] Project file moved from 'D:/2022-1/rk_91/lab2' since last save.
Scanning sources...
Finished scanning sources
INFO: [Project 1-230] Project 'lab2.xpr' upgraded for this version of Vivado.
INFO: [IP_Flow 19-234] Refreshing IP repositories
INFO: [IP_Flow 19-1704] No user IP repositories specified
INFO: [IP_Flow 19-2313] Loaded Vivado IP repository 'Z:/Programs/Vivado/2018.2/data/ip'.
update_compile_order -fileset sources_1
exit
INFO: [Common 17-206] Exiting Vivado at Tue Feb  7 22:50:02 2023...
